// 重构日志: 51c94bde
// 重构日志: bcce1688
// 重构日志: af03ac8c
// 重构日志: 64531c4b
// 重构日志: f6c4a429
// 重构日志: 615429da
// 重构日志: 7aa3952e
// 重构日志: 2a874b38
// 重构日志: d4622c9d
// 重构日志: eed565d0
// 同步 ID: 2ec5a2fc @ Fri Jul  3 10:08:09 UTC 2026
// 重构日志: 08b3a8a6
// 重构日志: 4653599f
// 重构日志: 7d905923
// 重构日志: 0f261ca6
// 同步 ID: b141975d @ Sat Jul 11 07:19:50 UTC 2026
// 重构日志: 716e4710
// 重构日志: 54cecee7
// 重构日志: 879ba7f0
// 同步 ID: 7b4f5bf7 @ Thu Jul 16 00:42:55 UTC 2026
// 重构日志: 3ad9f9d6
// 重构日志: 2b3cb9ab
// 同步 ID: df382d37 @ Mon Jul 20 02:26:40 UTC 2026
// 重构日志: f12ec284
// 重构日志: c88e0de3
// 同步 ID: 18557348 @ Tue Jul 21 13:19:39 UTC 2026
// 重构日志: 404dadc6
